c:\users\yuans\source\repos\gpu optimizations\cuda v11.51\x64\debug\vc141.pdb
c:\users\yuans\source\repos\gpu optimizations\cuda v11.51\x64\debug\vc141.idb
c:\users\yuans\source\repos\gpu optimizations\cuda v11.51\x64\debug\code.obj
x64/debug/kernel.cu.obj
c:\users\yuans\source\repos\bin\win64\debug\gpu optimizations.lib
c:\users\yuans\source\repos\bin\win64\debug\gpu optimizations.exp
c:\users\yuans\source\repos\bin\win64\debug\gpu optimizations.exe
c:\users\yuans\source\repos\bin\win64\debug\gpu optimizations.ilk
c:\users\yuans\source\repos\bin\win64\debug\gpu optimizations.pdb
c:\users\yuans\source\repos\gpu optimizations\cuda v11.51\x64\debug\kernel.cu.cache
c:\users\yuans\source\repos\gpu optimizations\cuda v11.51\x64\debug\kernel.cu.obj
c:\users\yuans\source\repos\gpu optimizations\cuda v11.51\../../bin/win64/debug/gpu optimizations.exe
c:\users\yuans\source\repos\gpu optimizations\cuda v11.51\x64\debug\gpu opti.960532ac.tlog\cl.command.1.tlog
c:\users\yuans\source\repos\gpu optimizations\cuda v11.51\x64\debug\gpu opti.960532ac.tlog\cl.read.1.tlog
c:\users\yuans\source\repos\gpu optimizations\cuda v11.51\x64\debug\gpu opti.960532ac.tlog\cl.write.1.tlog
c:\users\yuans\source\repos\gpu optimizations\cuda v11.51\x64\debug\gpu opti.960532ac.tlog\cudacompile.read.1u.tlog
c:\users\yuans\source\repos\gpu optimizations\cuda v11.51\x64\debug\gpu opti.960532ac.tlog\cudacompile.write.1u.tlog
c:\users\yuans\source\repos\gpu optimizations\cuda v11.51\x64\debug\gpu opti.960532ac.tlog\gpu optimizations.write.1u.tlog
c:\users\yuans\source\repos\gpu optimizations\cuda v11.51\x64\debug\gpu opti.960532ac.tlog\link.command.1.tlog
c:\users\yuans\source\repos\gpu optimizations\cuda v11.51\x64\debug\gpu opti.960532ac.tlog\link.read.1.tlog
c:\users\yuans\source\repos\gpu optimizations\cuda v11.51\x64\debug\gpu opti.960532ac.tlog\link.write.1.tlog
